
=== Sat Jun  1 09:44:03 2019

Packages were changed.
Update Mode: mergeDefaultDependencies

The following packages were added:
  com.unity.ext.nunit@1.0.0
  com.unity.test-framework@1.0.9
  com.unity.modules.androidjni@1.0.0
The following packages were updated:
  com.unity.collab-proxy from version 1.2.9 to 1.2.16
  com.unity.package-manager-ui from version 0.0.0-builtin to 2.2.0
  com.unity.purchasing from version 2.0.1 to 2.0.6
  com.unity.timeline from version 0.0.0-builtin to 1.0.0

=== Wed Jun 19 10:32:11 2019

Packages were changed.
Update Mode: updateDependencies

The following packages were added:
  com.unity.ide.vscode@1.0.7
  com.unity.ide.visualstudio@1.0.11
  com.unity.ide.rider@1.0.8
The following packages were updated:
  com.unity.analytics from version 3.2.2 to 3.3.2
  com.unity.test-framework from version 1.0.9 to 1.0.13
  com.unity.textmeshpro from version 1.3.0 to 2.0.1
  com.unity.timeline from version 1.0.0 to 1.1.0

=== Sun Nov 24 09:20:29 2019

Packages were changed.
Update Mode: updateDependencies

The following packages were updated:
  com.unity.burst from version 1.0.4 to 1.1.2
  com.unity.ide.rider from version 1.0.8 to 1.1.0
  com.unity.ide.vscode from version 1.0.7 to 1.1.2
  com.unity.mathematics from version 1.0.1 to 1.1.0
  com.unity.test-framework from version 1.0.13 to 1.1.3
  com.unity.timeline from version 1.1.0 to 1.2.6
The following packages were removed:
  com.unity.package-manager-ui@2.2.0

=== Sun Dec  1 20:43:50 2019

Packages were changed.
Update Mode: updateDependencies

The following packages were updated:
  com.unity.ide.vscode from version 1.1.2 to 1.1.3
